<?xml version="1.0" encoding="UTF-8"?>
<!-- Generated by org.testng.reporters.JUnitReportReporter -->
<testsuite hostname="DESKTOP-SG38K1F" failures="0" tests="1" name="org.example.testRunner.Runners" time="19.060" errors="0" timestamp="2022-07-10T16:12:32 EET" skipped="0">
  <testcase classname="org.example.testRunner.Runners" name="runScenario" time="19.060"/>
  <system-out/>
</testsuite> <!-- org.example.testRunner.Runners -->
